
> gckconfessions@0.1.0 build
> next build

Î“Ă»â–“ Next.js 16.1.6 (Turbopack)
- Environments: .env
- Experiments (use with caution):
  â”¬â•– optimizePackageImports

  Creating an optimized production build ...
Î“ÂŁĂ´ Compiled successfully in 22.0s
  Running TypeScript ...
  Collecting page data using 3 workers ...
  Generating static pages using 3 workers (0/16) ...
  Generating static pages using 3 workers (4/16) 
  Generating static pages using 3 workers (8/16) 
  Generating static pages using 3 workers (12/16) 
Î“ÂŁĂ´ Generating static pages using 3 workers (16/16) in 2.4s
  Finalizing page optimization ...

Route (app)
Î“Ă¶Ă® Î“ĂąĂŻ /
Î“Ă¶ÂŁ Î“ĂąĂŻ /_not-found
Î“Ă¶ÂŁ â•žĂ† /.well-known/health
Î“Ă¶ÂŁ â•žĂ† /admin
Î“Ă¶ÂŁ Î“ĂąĂŻ /adminlogin
Î“Ă¶ÂŁ â•žĂ† /api/admin/admins
Î“Ă¶ÂŁ â•žĂ† /api/admin/admins/[id]
Î“Ă¶ÂŁ â•žĂ† /api/admin/check
Î“Ă¶ÂŁ â•žĂ† /api/admin/login
Î“Ă¶ÂŁ â•žĂ† /api/admin/logout
Î“Ă¶ÂŁ â•žĂ† /api/admin/setup
Î“Ă¶ÂŁ â•žĂ† /api/confessions
Î“Ă¶ÂŁ â•žĂ† /api/confessions/[id]
Î“Ă¶ÂŁ â•žĂ† /api/health
Î“Ă¶ÂŁ Î“ĂąĂŻ /guidelines
Î“Ă¶Ă¶ Î“ĂąĂŻ /submit


â•žĂ† Proxy (Middleware)

Î“ĂąĂŻ  (Static)   prerendered as static content
â•žĂ†  (Dynamic)  server-rendered on demand

